
*** Running vivado
    with args -log decoder_4x16.vdi -applog -m64 -product Vivado -messageDb vivado.pb -mode batch -source decoder_4x16.tcl -notrace


****** Vivado v2018.3 (64-bit)
  **** SW Build 2405991 on Thu Dec  6 23:38:27 MST 2018
  **** IP Build 2404404 on Fri Dec  7 01:43:56 MST 2018
    ** Copyright 1986-2018 Xilinx, Inc. All Rights Reserved.

source decoder_4x16.tcl -notrace
Command: link_design -top decoder_4x16 -part xc7z020clg400-1
Design is defaulting to srcset: sources_1
Design is defaulting to constrset: constrs_1
INFO: [Project 1-479] Netlist was created with Vivado 2018.3
INFO: [Device 21-403] Loading part xc7z020clg400-1
INFO: [Project 1-570] Preparing netlist for logic optimization
Parsing XDC File [D:/PYNQ-Z2 v1.0.xdc]
Finished Parsing XDC File [D:/PYNQ-Z2 v1.0.xdc]
Parsing XDC File [D:/RPI_Addon.xdc]
Finished Parsing XDC File [D:/RPI_Addon.xdc]
INFO: [Opt 31-138] Pushed 0 inverter(s) to 0 load pin(s).
Netlist sorting complete. Time (s): cpu = 00:00:00 ; elapsed = 00:00:00 . Memory (MB): peak = 660.328 ; gain = 0.000
INFO: [Project 1-111] Unisim Transformation Summary:
No Unisim elements were transformed.

5 Infos, 0 Warnings, 0 Critical Warnings and 0 Errors encountered.
link_design completed successfully
link_design: Time (s): cpu = 00:00:03 ; elapsed = 00:00:07 . Memory (MB): peak = 664.312 ; gain = 338.121
Command: opt_design
Attempting to get a license for feature 'Implementation' and/or device 'xc7z020'
INFO: [Common 17-349] Got license for feature 'Implementation' and/or device 'xc7z020'
Running DRC as a precondition to command opt_design

Starting DRC Task
INFO: [DRC 23-27] Running DRC with 2 threads
INFO: [Project 1-461] DRC finished with 0 Errors
INFO: [Project 1-462] Please refer to the DRC report (report_drc) for more information.

Time (s): cpu = 00:00:01 ; elapsed = 00:00:00.663 . Memory (MB): peak = 675.918 ; gain = 11.605

Starting Cache Timing Information Task
INFO: [Timing 38-35] Done setting XDC timing constraints.
Ending Cache Timing Information Task | Checksum: 22e568e9d

Time (s): cpu = 00:00:03 ; elapsed = 00:00:10 . Memory (MB): peak = 1206.582 ; gain = 530.664

Starting Logic Optimization Task

Phase 1 Retarget
INFO: [Opt 31-138] Pushed 0 inverter(s) to 0 load pin(s).
INFO: [Opt 31-49] Retargeted 0 cell(s).
Phase 1 Retarget | Checksum: 22e568e9d

Time (s): cpu = 00:00:01 ; elapsed = 00:00:00.007 . Memory (MB): peak = 1303.148 ; gain = 0.000
INFO: [Opt 31-389] Phase Retarget created 0 cells and removed 0 cells

Phase 2 Constant propagation
INFO: [Opt 31-138] Pushed 0 inverter(s) to 0 load pin(s).
Phase 2 Constant propagation | Checksum: 22e568e9d

Time (s): cpu = 00:00:01 ; elapsed = 00:00:00.009 . Memory (MB): peak = 1303.148 ; gain = 0.000
INFO: [Opt 31-389] Phase Constant propagation created 0 cells and removed 0 cells

Phase 3 Sweep
Phase 3 Sweep | Checksum: 22e568e9d

Time (s): cpu = 00:00:01 ; elapsed = 00:00:00.011 . Memory (MB): peak = 1303.148 ; gain = 0.000
INFO: [Opt 31-389] Phase Sweep created 0 cells and removed 0 cells

Phase 4 BUFG optimization
Phase 4 BUFG optimization | Checksum: 22e568e9d

Time (s): cpu = 00:00:01 ; elapsed = 00:00:00.013 . Memory (MB): peak = 1303.148 ; gain = 0.000
INFO: [Opt 31-662] Phase BUFG optimization created 0 cells of which 0 are BUFGs and removed 0 cells.

Phase 5 Shift Register Optimization
Phase 5 Shift Register Optimization | Checksum: 22e568e9d

Time (s): cpu = 00:00:01 ; elapsed = 00:00:00.027 . Memory (MB): peak = 1303.148 ; gain = 0.000
INFO: [Opt 31-389] Phase Shift Register Optimization created 0 cells and removed 0 cells

Phase 6 Post Processing Netlist
Phase 6 Post Processing Netlist | Checksum: 22e568e9d

Time (s): cpu = 00:00:01 ; elapsed = 00:00:00.028 . Memory (MB): peak = 1303.148 ; gain = 0.000
INFO: [Opt 31-389] Phase Post Processing Netlist created 0 cells and removed 0 cells
Opt_design Change Summary
=========================


-------------------------------------------------------------------------------------------------------------------------
|  Phase                        |  #Cells created  |  #Cells Removed  |  #Constrained objects preventing optimizations  |
-------------------------------------------------------------------------------------------------------------------------
|  Retarget                     |               0  |               0  |                                              0  |
|  Constant propagation         |               0  |               0  |                                              0  |
|  Sweep                        |               0  |               0  |                                              0  |
|  BUFG optimization            |               0  |               0  |                                              0  |
|  Shift Register Optimization  |               0  |               0  |                                              0  |
|  Post Processing Netlist      |               0  |               0  |                                              0  |
-------------------------------------------------------------------------------------------------------------------------



Starting Connectivity Check Task

Time (s): cpu = 00:00:00 ; elapsed = 00:00:00.001 . Memory (MB): peak = 1303.148 ; gain = 0.000
Ending Logic Optimization Task | Checksum: 22e568e9d

Time (s): cpu = 00:00:01 ; elapsed = 00:00:00.030 . Memory (MB): peak = 1303.148 ; gain = 0.000

Starting Power Optimization Task
INFO: [Pwropt 34-132] Skipping clock gating for clocks with a period < 2.00 ns.
Ending Power Optimization Task | Checksum: 22e568e9d

Time (s): cpu = 00:00:00 ; elapsed = 00:00:00.007 . Memory (MB): peak = 1303.148 ; gain = 0.000

Starting Final Cleanup Task
Ending Final Cleanup Task | Checksum: 22e568e9d

Time (s): cpu = 00:00:00 ; elapsed = 00:00:00 . Memory (MB): peak = 1303.148 ; gain = 0.000

Starting Netlist Obfuscation Task
Netlist sorting complete. Time (s): cpu = 00:00:00 ; elapsed = 00:00:00 . Memory (MB): peak = 1303.148 ; gain = 0.000
Ending Netlist Obfuscation Task | Checksum: 22e568e9d

Time (s): cpu = 00:00:00 ; elapsed = 00:00:00.001 . Memory (MB): peak = 1303.148 ; gain = 0.000
INFO: [Common 17-83] Releasing license: Implementation
21 Infos, 0 Warnings, 0 Critical Warnings and 0 Errors encountered.
opt_design completed successfully
opt_design: Time (s): cpu = 00:00:05 ; elapsed = 00:00:12 . Memory (MB): peak = 1303.148 ; gain = 638.836
Netlist sorting complete. Time (s): cpu = 00:00:00 ; elapsed = 00:00:00 . Memory (MB): peak = 1303.148 ; gain = 0.000
INFO: [Timing 38-480] Writing timing data to binary archive.
Writing placer database...
Writing XDEF routing.
Writing XDEF routing logical nets.
Writing XDEF routing special nets.
Write XDEF Complete: Time (s): cpu = 00:00:00 ; elapsed = 00:00:00.068 . Memory (MB): peak = 1303.148 ; gain = 0.000
Netlist sorting complete. Time (s): cpu = 00:00:00 ; elapsed = 00:00:00 . Memory (MB): peak = 1303.148 ; gain = 0.000
INFO: [Common 17-1381] The checkpoint 'D:/project_6/project_6.runs/impl_1/decoder_4x16_opt.dcp' has been generated.
INFO: [runtcl-4] Executing : report_drc -file decoder_4x16_drc_opted.rpt -pb decoder_4x16_drc_opted.pb -rpx decoder_4x16_drc_opted.rpx
Command: report_drc -file decoder_4x16_drc_opted.rpt -pb decoder_4x16_drc_opted.pb -rpx decoder_4x16_drc_opted.rpx
INFO: [IP_Flow 19-234] Refreshing IP repositories
INFO: [IP_Flow 19-1704] No user IP repositories specified
INFO: [IP_Flow 19-2313] Loaded Vivado IP repository 'D:/Xilinx/Vivado/2018.3/data/ip'.
INFO: [DRC 23-27] Running DRC with 2 threads
INFO: [Coretcl 2-168] The results of DRC are in file D:/project_6/project_6.runs/impl_1/decoder_4x16_drc_opted.rpt.
report_drc completed successfully
Command: place_design
Attempting to get a license for feature 'Implementation' and/or device 'xc7z020'
INFO: [Common 17-349] Got license for feature 'Implementation' and/or device 'xc7z020'
INFO: [DRC 23-27] Running DRC with 2 threads
INFO: [Vivado_Tcl 4-198] DRC finished with 0 Errors
INFO: [Vivado_Tcl 4-199] Please refer to the DRC report (report_drc) for more information.
Running DRC as a precondition to command place_design
INFO: [DRC 23-27] Running DRC with 2 threads
INFO: [Vivado_Tcl 4-198] DRC finished with 0 Errors
INFO: [Vivado_Tcl 4-199] Please refer to the DRC report (report_drc) for more information.

Starting Placer Task
INFO: [Place 30-611] Multithreading enabled for place_design using a maximum of 2 CPUs

Phase 1 Placer Initialization

Phase 1.1 Placer Initialization Netlist Sorting
Netlist sorting complete. Time (s): cpu = 00:00:00 ; elapsed = 00:00:00 . Memory (MB): peak = 1303.148 ; gain = 0.000
Phase 1.1 Placer Initialization Netlist Sorting | Checksum: 134865d33

Time (s): cpu = 00:00:00 ; elapsed = 00:00:00.003 . Memory (MB): peak = 1303.148 ; gain = 0.000
Netlist sorting complete. Time (s): cpu = 00:00:00 ; elapsed = 00:00:00 . Memory (MB): peak = 1303.148 ; gain = 0.000

Phase 1.2 IO Placement/ Clock Placement/ Build Placer Device
INFO: [Timing 38-35] Done setting XDC timing constraints.
Phase 1.2 IO Placement/ Clock Placement/ Build Placer Device | Checksum: 134865d33

Time (s): cpu = 00:00:00 ; elapsed = 00:00:00.478 . Memory (MB): peak = 1317.219 ; gain = 14.070

Phase 1.3 Build Placer Netlist Model
Phase 1.3 Build Placer Netlist Model | Checksum: 1acee3fdc

Time (s): cpu = 00:00:00 ; elapsed = 00:00:00.488 . Memory (MB): peak = 1317.219 ; gain = 14.070

Phase 1.4 Constrain Clocks/Macros
Phase 1.4 Constrain Clocks/Macros | Checksum: 1acee3fdc

Time (s): cpu = 00:00:00 ; elapsed = 00:00:00.490 . Memory (MB): peak = 1317.219 ; gain = 14.070
Phase 1 Placer Initialization | Checksum: 1acee3fdc

Time (s): cpu = 00:00:00 ; elapsed = 00:00:00.491 . Memory (MB): peak = 1317.219 ; gain = 14.070

Phase 2 Global Placement

Phase 2.1 Floorplanning
Phase 2.1 Floorplanning | Checksum: 1acee3fdc

Time (s): cpu = 00:00:00 ; elapsed = 00:00:00.493 . Memory (MB): peak = 1317.219 ; gain = 14.070
WARNING: [Place 46-29] place_design is not in timing mode. Skip physical synthesis in placer
Phase 2 Global Placement | Checksum: 1b0b6aba6

Time (s): cpu = 00:00:00 ; elapsed = 00:00:00.737 . Memory (MB): peak = 1318.715 ; gain = 15.566

Phase 3 Detail Placement

Phase 3.1 Commit Multi Column Macros
Phase 3.1 Commit Multi Column Macros | Checksum: 1b0b6aba6

Time (s): cpu = 00:00:00 ; elapsed = 00:00:00.741 . Memory (MB): peak = 1318.715 ; gain = 15.566

Phase 3.2 Commit Most Macros & LUTRAMs
Phase 3.2 Commit Most Macros & LUTRAMs | Checksum: 1d4a6951b

Time (s): cpu = 00:00:00 ; elapsed = 00:00:00.745 . Memory (MB): peak = 1318.715 ; gain = 15.566

Phase 3.3 Area Swap Optimization
Phase 3.3 Area Swap Optimization | Checksum: 1626363ec

Time (s): cpu = 00:00:00 ; elapsed = 00:00:00.752 . Memory (MB): peak = 1318.715 ; gain = 15.566

Phase 3.4 Pipeline Register Optimization
Phase 3.4 Pipeline Register Optimization | Checksum: 1626363ec

Time (s): cpu = 00:00:00 ; elapsed = 00:00:00.753 . Memory (MB): peak = 1318.715 ; gain = 15.566

Phase 3.5 Small Shape Detail Placement
Phase 3.5 Small Shape Detail Placement | Checksum: 16ec540f4

Time (s): cpu = 00:00:00 ; elapsed = 00:00:00.896 . Memory (MB): peak = 1324.875 ; gain = 21.727

Phase 3.6 Re-assign LUT pins
Phase 3.6 Re-assign LUT pins | Checksum: 16ec540f4

Time (s): cpu = 00:00:00 ; elapsed = 00:00:00.899 . Memory (MB): peak = 1324.875 ; gain = 21.727

Phase 3.7 Pipeline Register Optimization
Phase 3.7 Pipeline Register Optimization | Checksum: 16ec540f4

Time (s): cpu = 00:00:00 ; elapsed = 00:00:00.900 . Memory (MB): peak = 1324.875 ; gain = 21.727
Phase 3 Detail Placement | Checksum: 16ec540f4

Time (s): cpu = 00:00:00 ; elapsed = 00:00:00.900 . Memory (MB): peak = 1324.875 ; gain = 21.727

Phase 4 Post Placement Optimization and Clean-Up

Phase 4.1 Post Commit Optimization
Phase 4.1 Post Commit Optimization | Checksum: 16ec540f4

Time (s): cpu = 00:00:00 ; elapsed = 00:00:00.905 . Memory (MB): peak = 1324.875 ; gain = 21.727

Phase 4.2 Post Placement Cleanup
Phase 4.2 Post Placement Cleanup | Checksum: 16ec540f4

Time (s): cpu = 00:00:00 ; elapsed = 00:00:00.909 . Memory (MB): peak = 1324.875 ; gain = 21.727

Phase 4.3 Placer Reporting
Phase 4.3 Placer Reporting | Checksum: 16ec540f4

Time (s): cpu = 00:00:00 ; elapsed = 00:00:00.909 . Memory (MB): peak = 1324.875 ; gain = 21.727

Phase 4.4 Final Placement Cleanup
Netlist sorting complete. Time (s): cpu = 00:00:00 ; elapsed = 00:00:00 . Memory (MB): peak = 1324.875 ; gain = 0.000
Phase 4.4 Final Placement Cleanup | Checksum: 16ec540f4

Time (s): cpu = 00:00:00 ; elapsed = 00:00:00.910 . Memory (MB): peak = 1324.875 ; gain = 21.727
Phase 4 Post Placement Optimization and Clean-Up | Checksum: 16ec540f4

Time (s): cpu = 00:00:00 ; elapsed = 00:00:00.910 . Memory (MB): peak = 1324.875 ; gain = 21.727
Ending Placer Task | Checksum: 145a31fce

Time (s): cpu = 00:00:00 ; elapsed = 00:00:00.915 . Memory (MB): peak = 1324.875 ; gain = 21.727
INFO: [Common 17-83] Releasing license: Implementation
39 Infos, 1 Warnings, 0 Critical Warnings and 0 Errors encountered.
place_design completed successfully
Netlist sorting complete. Time (s): cpu = 00:00:00 ; elapsed = 00:00:00 . Memory (MB): peak = 1324.875 ; gain = 0.000
INFO: [Timing 38-480] Writing timing data to binary archive.
Writing placer database...
Writing XDEF routing.
Writing XDEF routing logical nets.
Writing XDEF routing special nets.
Write XDEF Complete: Time (s): cpu = 00:00:00 ; elapsed = 00:00:00.074 . Memory (MB): peak = 1330.887 ; gain = 6.012
Netlist sorting complete. Time (s): cpu = 00:00:00 ; elapsed = 00:00:00 . Memory (MB): peak = 1330.887 ; gain = 0.000
INFO: [Common 17-1381] The checkpoint 'D:/project_6/project_6.runs/impl_1/decoder_4x16_placed.dcp' has been generated.
INFO: [runtcl-4] Executing : report_io -file decoder_4x16_io_placed.rpt
report_io: Time (s): cpu = 00:00:00 ; elapsed = 00:00:00.054 . Memory (MB): peak = 1330.887 ; gain = 0.000
INFO: [runtcl-4] Executing : report_utilization -file decoder_4x16_utilization_placed.rpt -pb decoder_4x16_utilization_placed.pb
INFO: [runtcl-4] Executing : report_control_sets -verbose -file decoder_4x16_control_sets_placed.rpt
report_control_sets: Time (s): cpu = 00:00:00 ; elapsed = 00:00:00.001 . Memory (MB): peak = 1330.887 ; gain = 0.000
Command: route_design
Attempting to get a license for feature 'Implementation' and/or device 'xc7z020'
INFO: [Common 17-349] Got license for feature 'Implementation' and/or device 'xc7z020'
Running DRC as a precondition to command route_design
INFO: [DRC 23-27] Running DRC with 2 threads
INFO: [Vivado_Tcl 4-198] DRC finished with 0 Errors
INFO: [Vivado_Tcl 4-199] Please refer to the DRC report (report_drc) for more information.


Starting Routing Task
INFO: [Route 35-254] Multithreading enabled for route_design using a maximum of 2 CPUs
Checksum: PlaceDB: 8a76f56f ConstDB: 0 ShapeSum: bb2c2a5f RouteDB: 0

Phase 1 Build RT Design
Phase 1 Build RT Design | Checksum: 79f5e26c

Time (s): cpu = 00:00:20 ; elapsed = 00:00:26 . Memory (MB): peak = 1470.992 ; gain = 140.105
Post Restoration Checksum: NetGraph: 33592d7f NumContArr: 469cb4ed Constraints: 0 Timing: 0

Phase 2 Router Initialization
INFO: [Route 35-64] No timing constraints were detected. The router will operate in resource-optimization mode.

Phase 2.1 Fix Topology Constraints
Phase 2.1 Fix Topology Constraints | Checksum: 79f5e26c

Time (s): cpu = 00:00:20 ; elapsed = 00:00:26 . Memory (MB): peak = 1477.027 ; gain = 146.141

Phase 2.2 Pre Route Cleanup
Phase 2.2 Pre Route Cleanup | Checksum: 79f5e26c

Time (s): cpu = 00:00:20 ; elapsed = 00:00:26 . Memory (MB): peak = 1477.027 ; gain = 146.141
 Number of Nodes with overlaps = 0
Phase 2 Router Initialization | Checksum: fb07d152

Time (s): cpu = 00:00:20 ; elapsed = 00:00:26 . Memory (MB): peak = 1480.824 ; gain = 149.938

Phase 3 Initial Routing
Phase 3 Initial Routing | Checksum: 0982d3a8

Time (s): cpu = 00:00:21 ; elapsed = 00:00:26 . Memory (MB): peak = 1483.645 ; gain = 152.758

Phase 4 Rip-up And Reroute

Phase 4.1 Global Iteration 0
 Number of Nodes with overlaps = 1
 Number of Nodes with overlaps = 0
Phase 4.1 Global Iteration 0 | Checksum: 1872b6d8d

Time (s): cpu = 00:00:21 ; elapsed = 00:00:26 . Memory (MB): peak = 1483.645 ; gain = 152.758
Phase 4 Rip-up And Reroute | Checksum: 1872b6d8d

Time (s): cpu = 00:00:21 ; elapsed = 00:00:26 . Memory (MB): peak = 1483.645 ; gain = 152.758

Phase 5 Delay and Skew Optimization
Phase 5 Delay and Skew Optimization | Checksum: 1872b6d8d

Time (s): cpu = 00:00:21 ; elapsed = 00:00:26 . Memory (MB): peak = 1483.645 ; gain = 152.758

Phase 6 Post Hold Fix

Phase 6.1 Hold Fix Iter
Phase 6.1 Hold Fix Iter | Checksum: 1872b6d8d

Time (s): cpu = 00:00:21 ; elapsed = 00:00:26 . Memory (MB): peak = 1483.645 ; gain = 152.758
Phase 6 Post Hold Fix | Checksum: 1872b6d8d

Time (s): cpu = 00:00:21 ; elapsed = 00:00:26 . Memory (MB): peak = 1483.645 ; gain = 152.758

Phase 7 Route finalize

Router Utilization Summary
  Global Vertical Routing Utilization    = 0.0502744 %
  Global Horizontal Routing Utilization  = 0.0447938 %
  Routable Net Status*
  *Does not include unroutable nets such as driverless and loadless.
  Run report_route_status for detailed report.
  Number of Failed Nets               = 0
  Number of Unrouted Nets             = 0
  Number of Partially Routed Nets     = 0
  Number of Node Overlaps             = 0

Congestion Report
North Dir 1x1 Area, Max Cong = 21.6216%, No Congested Regions.
South Dir 1x1 Area, Max Cong = 20.7207%, No Congested Regions.
East Dir 1x1 Area, Max Cong = 17.6471%, No Congested Regions.
West Dir 1x1 Area, Max Cong = 26.4706%, No Congested Regions.

------------------------------
Reporting congestion hotspots
------------------------------
Direction: North
----------------
Congested clusters found at Level 0
Effective congestion level: 0 Aspect Ratio: 1 Sparse Ratio: 0
Direction: South
----------------
Congested clusters found at Level 0
Effective congestion level: 0 Aspect Ratio: 1 Sparse Ratio: 0
Direction: East
----------------
Congested clusters found at Level 0
Effective congestion level: 0 Aspect Ratio: 1 Sparse Ratio: 0
Direction: West
----------------
Congested clusters found at Level 0
Effective congestion level: 0 Aspect Ratio: 1 Sparse Ratio: 0

Phase 7 Route finalize | Checksum: 1872b6d8d

Time (s): cpu = 00:00:21 ; elapsed = 00:00:26 . Memory (MB): peak = 1483.645 ; gain = 152.758

Phase 8 Verifying routed nets

 Verification completed successfully
Phase 8 Verifying routed nets | Checksum: 1872b6d8d

Time (s): cpu = 00:00:21 ; elapsed = 00:00:26 . Memory (MB): peak = 1485.691 ; gain = 154.805

Phase 9 Depositing Routes
Phase 9 Depositing Routes | Checksum: 1872b6d8d

Time (s): cpu = 00:00:21 ; elapsed = 00:00:26 . Memory (MB): peak = 1485.691 ; gain = 154.805
INFO: [Route 35-16] Router Completed Successfully

Time (s): cpu = 00:00:21 ; elapsed = 00:00:26 . Memory (MB): peak = 1485.691 ; gain = 154.805

Routing Is Done.
INFO: [Common 17-83] Releasing license: Implementation
52 Infos, 1 Warnings, 0 Critical Warnings and 0 Errors encountered.
route_design completed successfully
route_design: Time (s): cpu = 00:00:22 ; elapsed = 00:00:27 . Memory (MB): peak = 1485.691 ; gain = 154.805
Netlist sorting complete. Time (s): cpu = 00:00:00 ; elapsed = 00:00:00 . Memory (MB): peak = 1485.691 ; gain = 0.000
INFO: [Timing 38-480] Writing timing data to binary archive.
Writing placer database...
Writing XDEF routing.
Writing XDEF routing logical nets.
Writing XDEF routing special nets.
Write XDEF Complete: Time (s): cpu = 00:00:00 ; elapsed = 00:00:00.067 . Memory (MB): peak = 1485.691 ; gain = 0.000
Netlist sorting complete. Time (s): cpu = 00:00:00 ; elapsed = 00:00:00.001 . Memory (MB): peak = 1485.691 ; gain = 0.000
INFO: [Common 17-1381] The checkpoint 'D:/project_6/project_6.runs/impl_1/decoder_4x16_routed.dcp' has been generated.
INFO: [runtcl-4] Executing : report_drc -file decoder_4x16_drc_routed.rpt -pb decoder_4x16_drc_routed.pb -rpx decoder_4x16_drc_routed.rpx
Command: report_drc -file decoder_4x16_drc_routed.rpt -pb decoder_4x16_drc_routed.pb -rpx decoder_4x16_drc_routed.rpx
INFO: [IP_Flow 19-1839] IP Catalog is up to date.
INFO: [DRC 23-27] Running DRC with 2 threads
INFO: [Coretcl 2-168] The results of DRC are in file D:/project_6/project_6.runs/impl_1/decoder_4x16_drc_routed.rpt.
report_drc completed successfully
INFO: [runtcl-4] Executing : report_methodology -file decoder_4x16_methodology_drc_routed.rpt -pb decoder_4x16_methodology_drc_routed.pb -rpx decoder_4x16_methodology_drc_routed.rpx
Command: report_methodology -file decoder_4x16_methodology_drc_routed.rpt -pb decoder_4x16_methodology_drc_routed.pb -rpx decoder_4x16_methodology_drc_routed.rpx
INFO: [Timing 38-35] Done setting XDC timing constraints.
INFO: [DRC 23-133] Running Methodology with 2 threads
INFO: [Coretcl 2-1520] The results of Report Methodology are in file D:/project_6/project_6.runs/impl_1/decoder_4x16_methodology_drc_routed.rpt.
report_methodology completed successfully
INFO: [runtcl-4] Executing : report_power -file decoder_4x16_power_routed.rpt -pb decoder_4x16_power_summary_routed.pb -rpx decoder_4x16_power_routed.rpx
Command: report_power -file decoder_4x16_power_routed.rpt -pb decoder_4x16_power_summary_routed.pb -rpx decoder_4x16_power_routed.rpx
WARNING: [Power 33-232] No user defined clocks were found in the design!
Resolution: Please specify clocks using create_clock/create_generated_clock for sequential elements. For pure combinatorial circuits, please specify a virtual clock, otherwise the vectorless estimation might be inaccurate
INFO: [Timing 38-35] Done setting XDC timing constraints.
Running Vector-less Activity Propagation...

Finished Running Vector-less Activity Propagation
64 Infos, 2 Warnings, 0 Critical Warnings and 0 Errors encountered.
report_power completed successfully
INFO: [runtcl-4] Executing : report_route_status -file decoder_4x16_route_status.rpt -pb decoder_4x16_route_status.pb
INFO: [runtcl-4] Executing : report_timing_summary -max_paths 10 -file decoder_4x16_timing_summary_routed.rpt -pb decoder_4x16_timing_summary_routed.pb -rpx decoder_4x16_timing_summary_routed.rpx -warn_on_violation 
INFO: [Timing 38-91] UpdateTimingParams: Speed grade: -1, Delay Type: min_max.
INFO: [Timing 38-191] Multithreading enabled for timing update using a maximum of 2 CPUs
WARNING: [Timing 38-313] There are no user specified timing constraints. Timing constraints are needed for proper timing analysis.
INFO: [runtcl-4] Executing : report_incremental_reuse -file decoder_4x16_incremental_reuse_routed.rpt
INFO: [Vivado_Tcl 4-1062] Incremental flow is disabled. No incremental reuse Info to report.
INFO: [runtcl-4] Executing : report_clock_utilization -file decoder_4x16_clock_utilization_routed.rpt
INFO: [runtcl-4] Executing : report_bus_skew -warn_on_violation -file decoder_4x16_bus_skew_routed.rpt -pb decoder_4x16_bus_skew_routed.pb -rpx decoder_4x16_bus_skew_routed.rpx
INFO: [Timing 38-91] UpdateTimingParams: Speed grade: -1, Delay Type: min_max.
INFO: [Timing 38-191] Multithreading enabled for timing update using a maximum of 2 CPUs
Command: write_bitstream -force decoder_4x16.bit
Attempting to get a license for feature 'Implementation' and/or device 'xc7z020'
INFO: [Common 17-349] Got license for feature 'Implementation' and/or device 'xc7z020'
Running DRC as a precondition to command write_bitstream
INFO: [IP_Flow 19-1839] IP Catalog is up to date.
INFO: [DRC 23-27] Running DRC with 2 threads
WARNING: [DRC ZPS7-1] PS7 block required: The PS7 cell must be used in this Zynq design in order to enable correct default configuration.
INFO: [Vivado 12-3199] DRC finished with 0 Errors, 1 Warnings
INFO: [Vivado 12-3200] Please refer to the DRC report (report_drc) for more information.
INFO: [Designutils 20-2272] Running write_bitstream with 2 threads.
Loading data files...
Loading site data...
Loading route data...
Processing options...
Creating bitmap...
Creating bitstream...
Writing bitstream ./decoder_4x16.bit...
INFO: [Vivado 12-1842] Bitgen Completed Successfully.
INFO: [Project 1-120] WebTalk data collection is mandatory when using a WebPACK part without a full Vivado license. To see the specific WebTalk data collected for your design, open the usage_statistics_webtalk.html or usage_statistics_webtalk.xml file in the implementation directory.
INFO: [Common 17-83] Releasing license: Implementation
83 Infos, 4 Warnings, 0 Critical Warnings and 0 Errors encountered.
write_bitstream completed successfully
write_bitstream: Time (s): cpu = 00:00:13 ; elapsed = 00:00:23 . Memory (MB): peak = 1961.828 ; gain = 422.648
INFO: [Common 17-206] Exiting Vivado at Thu Mar  7 15:21:08 2024...
